<?xml version="1.0" encoding="UTF-8"?>
<testsuite xmlns:xsi="http://www.w3.org/2001/XMLSchema-instance" xsi:noNamespaceSchemaLocation="https://maven.apache.org/surefire/maven-surefire-plugin/xsd/surefire-test-report.xsd" name="ifsp.movietex.movie.dao.MovieDAOTest" time="4.799" tests="25" errors="0" skipped="0" failures="0">
  <properties>
[...]
</properties>
  <testcase name="givenFindBy_whenParameterRatingAverageIs9_thenReturnAllMoviesWithratingAverage9" classname="ifsp.movietex.movie.dao.MovieDAOTest" time="0.054"/>
  <testcase name="givenFindWithAtLeastOneValue_whenParameterGenreIsThriller_thenReturnAllMoviesWithGenreThriller" classname="ifsp.movietex.movie.dao.MovieDAOTest" time="0.012"/>
  <testcase name="givenFindBy_whenParameterMinRatingAverageIs9_thenReturnAllMoviesWithMinRatingAverage9" classname="ifsp.movietex.movie.dao.MovieDAOTest" time="0.007"/>
  <testcase name="givenFindWithAtLeastOneValue_whenParameterTItleIsInception_thenReturnOneMovie" classname="ifsp.movietex.movie.dao.MovieDAOTest" time="0.006"/>
  <testcase name="givenFindWithAtLeastOneValue_whenParameterDescriptionByForrestGump_thenReturnAllMoviesWithDescriptionByForrestGump" classname="ifsp.movietex.movie.dao.MovieDAOTest" time="0.007"/>
  <testcase name="givenFindBy_whenParameterMinRatingAverageIs8AndMaxRatingAverageIs9_thenReturnAllMoviesWithMinRatingAverage8AndMaxRatingAverage9" classname="ifsp.movietex.movie.dao.MovieDAOTest" time="0.007"/>
  <testcase name="givenUpdate_whenMovieExists_thenReturnSuccessMessage" classname="ifsp.movietex.movie.dao.MovieDAOTest" time="0.009"/>
  <testcase name="givenFindBy_whenParameterTItleIsInception_thenReturnOneMovie" classname="ifsp.movietex.movie.dao.MovieDAOTest" time="0.004"/>
  <testcase name="givenFindWithAtLeastOneValue_whenParameterYearIs1999_thenReturnAllMoviesWithYear1999" classname="ifsp.movietex.movie.dao.MovieDAOTest" time="0.006"/>
  <testcase name="givenFindWithAtLeastOneValue_whenParameterDirectorIsRobertZemeckis_thenReturnAllMoviesWithDirectorRobertZemeckis" classname="ifsp.movietex.movie.dao.MovieDAOTest" time="0.006"/>
  <testcase name="givenFindBy_whenAllParametersIsNull_thenAllMovies" classname="ifsp.movietex.movie.dao.MovieDAOTest" time="0.008"/>
  <testcase name="givenFindBy_whenParameterDirectorIsRobertZemeckis_thenReturnAllMoviesWithDirectorRobertZemeckis" classname="ifsp.movietex.movie.dao.MovieDAOTest" time="0.005"/>
  <testcase name="givenUpdate_whenMovieNotExist_thenReturnFailedMessage" classname="ifsp.movietex.movie.dao.MovieDAOTest" time="0.004"/>
  <testcase name="givenFindBy_whenParameterDescriptionByForrestGump_thenReturnAllMoviesWithDescriptionByForrestGump" classname="ifsp.movietex.movie.dao.MovieDAOTest" time="0.005"/>
  <testcase name="givenFindBy_whenIdNotExist_thenReturnNull" classname="ifsp.movietex.movie.dao.MovieDAOTest" time="0.005"/>
  <testcase name="givenInsert_whenMovieNotExist_thenReturnSuccessMessage" classname="ifsp.movietex.movie.dao.MovieDAOTest" time="0.007"/>
  <testcase name="givenFindBy_whenParameterYearIs1999_thenReturnAllMoviesWithYear1999" classname="ifsp.movietex.movie.dao.MovieDAOTest" time="0.007"/>
  <testcase name="givenFindBy_whenParameterMaxRatingAverageIs9_thenReturnAllMoviesWithMaxRatingAverage9" classname="ifsp.movietex.movie.dao.MovieDAOTest" time="0.006"/>
  <testcase name="givenFindWithAtLeastOneValue_whenParameterRatingAverageIs9_thenReturnAllMoviesWithratingAverage9" classname="ifsp.movietex.movie.dao.MovieDAOTest" time="0.006"/>
  <testcase name="givenFindBy_whenAllParameterWithInformation_thenReturnAllWithThisInformations" classname="ifsp.movietex.movie.dao.MovieDAOTest" time="0.005"/>
  <testcase name="givenFindBy_whenParameterGenreIsThriller_thenReturnAllMoviesWithGenreThriller" classname="ifsp.movietex.movie.dao.MovieDAOTest" time="0.005"/>
  <testcase name="givenFindBy_whenIdExists_thenReturnOneMovie" classname="ifsp.movietex.movie.dao.MovieDAOTest" time="0.006"/>
  <testcase name="givenInsert_whenMovieAlreadyExists_thenReturnFailedMessage" classname="ifsp.movietex.movie.dao.MovieDAOTest" time="0.012"/>
  <testcase name="givenFindWithAtLeastOneValue_whenAllParameterWithInformation_thenReturnAllWithThisInformations" classname="ifsp.movietex.movie.dao.MovieDAOTest" time="0.01"/>
  <testcase name="givenFindWithAtLeastOneValue_whenAllParametersIsNull_thenAllMovies" classname="ifsp.movietex.movie.dao.MovieDAOTest" time="0.007"/>
</testsuite>